<?xml version="1.0" encoding="UTF-8"?>
<testsuite name="com.globalpayex.play_vertx.LibraryApiVerticleSpec" tests="2" skipped="0" failures="0" errors="0" timestamp="2023-08-07T10:06:13" hostname="Mehuls-MacBook-Pro.local" time="4.092">
  <properties/>
  <testcase name="test the creation of a new book" classname="com.globalpayex.play_vertx.LibraryApiVerticleSpec" time="3.716"/>
  <testcase name="test the deletion of a new book" classname="com.globalpayex.play_vertx.LibraryApiVerticleSpec" time="0.376"/>
  <system-out><![CDATA[Library api server started on port 8082
New bookBook{id=, title='GlobalPayex story', pages=890, price=1000.0}
Library api server started on port 8082
64d0c2170711830287518dd7
]]></system-out>
  <system-err><![CDATA[Aug 07, 2023 3:36:14 PM io.netty.resolver.dns.DnsServerAddressStreamProviders <clinit>
WARNING: Can not find io.netty.resolver.dns.macos.MacOSDnsServerAddressStreamProvider in the classpath, fallback to system defaults. This may result in incorrect DNS resolutions on MacOS. Check whether you have a dependency on 'io.netty:netty-resolver-dns-native-macos'
Aug 07, 2023 3:36:14 PM com.mongodb.internal.diagnostics.logging.Loggers shouldUseSLF4J
WARNING: SLF4J not found on the classpath.  Logging is disabled for the 'org.mongodb.driver' component
]]></system-err>
</testsuite>
